Build started 8/20/2024 10:45:03 PM.
     1>Project "C:\Users\NGUYEN MANH DUNG\Desktop\PM2012\Ver1\Version1\Version1\Version1.vcxproj" on node 2 (Build target(s)).
     1>Link:
         D:\System\APP\SETUP\VS2012\VC\bin\link.exe /ERRORREPORT:PROMPT /OUT:"C:\Users\NGUYEN MANH DUNG\Desktop\PM2012\Ver1\Version1\Debug\Version1.exe" /INCREMENTAL /NOLOGO /LIBPATH:"C:\Users\NGUYEN MANH DUNG\Desktop\PM2012\SFML-2.4.0\lib" "sfml-graphics-s-d.lib" "sfml-window-s-d.lib" "sfml-audio-s-d.lib" "sfml-network-s-d.lib" "sfml-system-s-d.lib" kernel32.lib user32.lib gdi32.lib winspool.lib comdlg32.lib advapi32.lib shell32.lib ole32.lib oleaut32.lib uuid.lib odbc32.lib odbccp32.lib /MANIFEST /MANIFESTUAC:"level='asInvoker' uiAccess='false'" /manifest:embed /DEBUG /PDB:"C:\Users\NGUYEN MANH DUNG\Desktop\PM2012\Ver1\Version1\Debug\Version1.pdb" /SUBSYSTEM:CONSOLE /TLBID:1 /DYNAMICBASE /NXCOMPAT /IMPLIB:"C:\Users\NGUYEN MANH DUNG\Desktop\PM2012\Ver1\Version1\Debug\Version1.lib" /MACHINE:X86 Debug\GameState.obj
         Debug\mainPacman.obj
         Debug\MenuState.obj
         Debug\PacEngine.obj
         Debug\ScoreState.obj
         Debug\StateManager.obj
     1>GameState.obj : warning LNK4217: locally defined symbol ??0Color@sf@@QAE@EEEE@Z (public: __thiscall sf::Color::Color(unsigned char,unsigned char,unsigned char,unsigned char)) imported in function "public: virtual void __thiscall edy::state::ErrState::run(class edy::core::PointerPack &)" (?run@ErrState@state@edy@@UAEXAAVPointerPack@core@3@@Z)
     1>MenuState.obj : warning LNK4049: locally defined symbol ??0Color@sf@@QAE@EEEE@Z (public: __thiscall sf::Color::Color(unsigned char,unsigned char,unsigned char,unsigned char)) imported
     1>ScoreState.obj : warning LNK4049: locally defined symbol ??0Color@sf@@QAE@EEEE@Z (public: __thiscall sf::Color::Color(unsigned char,unsigned char,unsigned char,unsigned char)) imported
     1>GameState.obj : warning LNK4217: locally defined symbol ??0Texture@sf@@QAE@XZ (public: __thiscall sf::Texture::Texture(void)) imported in function "public: __thiscall edy::state::GameState::GameState(void)" (??0GameState@state@edy@@QAE@XZ)
     1>GameState.obj : warning LNK4217: locally defined symbol ??1Texture@sf@@QAE@XZ (public: __thiscall sf::Texture::~Texture(void)) imported in function __unwindfunclet$??0GameState@state@edy@@QAE@XZ$3
     1>GameState.obj : warning LNK4217: locally defined symbol ?loadFromFile@Texture@sf@@QAE_NABV?$basic_string@DU?$char_traits@D@std@@V?$allocator@D@2@@std@@ABV?$Rect@H@2@@Z (public: bool __thiscall sf::Texture::loadFromFile(class std::basic_string<char,struct std::char_traits<char>,class std::allocator<char> > const &,class sf::Rect<int> const &)) imported in function "public: __thiscall edy::state::GameState::GameState(void)" (??0GameState@state@edy@@QAE@XZ)
     1>GameState.obj : warning LNK4217: locally defined symbol ??0Vertex@sf@@QAE@XZ (public: __thiscall sf::Vertex::Vertex(void)) imported in function "private: void __thiscall edy::state::GameState::drawBooster(int,int)" (?drawBooster@GameState@state@edy@@AAEXHH@Z)
     1>PacEngine.obj : warning LNK4049: locally defined symbol ??0Vertex@sf@@QAE@XZ (public: __thiscall sf::Vertex::Vertex(void)) imported
     1>GameState.obj : warning LNK4217: locally defined symbol ?clear@RenderTarget@sf@@QAEXABVColor@2@@Z (public: void __thiscall sf::RenderTarget::clear(class sf::Color const &)) imported in function "public: virtual void __thiscall edy::state::ErrState::run(class edy::core::PointerPack &)" (?run@ErrState@state@edy@@UAEXAAVPointerPack@core@3@@Z)
     1>MenuState.obj : warning LNK4049: locally defined symbol ?clear@RenderTarget@sf@@QAEXABVColor@2@@Z (public: void __thiscall sf::RenderTarget::clear(class sf::Color const &)) imported
     1>ScoreState.obj : warning LNK4049: locally defined symbol ?clear@RenderTarget@sf@@QAEXABVColor@2@@Z (public: void __thiscall sf::RenderTarget::clear(class sf::Color const &)) imported
     1>GameState.obj : warning LNK4217: locally defined symbol ?draw@RenderTarget@sf@@QAEXABVDrawable@2@ABVRenderStates@2@@Z (public: void __thiscall sf::RenderTarget::draw(class sf::Drawable const &,class sf::RenderStates const &)) imported in function "private: void __thiscall edy::state::GameState::drawAll(void)" (?drawAll@GameState@state@edy@@AAEXXZ)
     1>MenuState.obj : warning LNK4049: locally defined symbol ?draw@RenderTarget@sf@@QAEXABVDrawable@2@ABVRenderStates@2@@Z (public: void __thiscall sf::RenderTarget::draw(class sf::Drawable const &,class sf::RenderStates const &)) imported
     1>ScoreState.obj : warning LNK4049: locally defined symbol ?draw@RenderTarget@sf@@QAEXABVDrawable@2@ABVRenderStates@2@@Z (public: void __thiscall sf::RenderTarget::draw(class sf::Drawable const &,class sf::RenderStates const &)) imported
     1>GameState.obj : warning LNK4217: locally defined symbol ?draw@RenderTarget@sf@@QAEXPBVVertex@2@IW4PrimitiveType@2@ABVRenderStates@2@@Z (public: void __thiscall sf::RenderTarget::draw(class sf::Vertex const *,unsigned int,enum sf::PrimitiveType,class sf::RenderStates const &)) imported in function "private: void __thiscall edy::state::GameState::drawBooster(int,int)" (?drawBooster@GameState@state@edy@@AAEXHH@Z)
     1>PacEngine.obj : warning LNK4049: locally defined symbol ?draw@RenderTarget@sf@@QAEXPBVVertex@2@IW4PrimitiveType@2@ABVRenderStates@2@@Z (public: void __thiscall sf::RenderTarget::draw(class sf::Vertex const *,unsigned int,enum sf::PrimitiveType,class sf::RenderStates const &)) imported
     1>GameState.obj : warning LNK4217: locally defined symbol ?setPosition@Transformable@sf@@QAEXMM@Z (public: void __thiscall sf::Transformable::setPosition(float,float)) imported in function "private: void __thiscall edy::state::GameState::drawCherry(int,int)" (?drawCherry@GameState@state@edy@@AAEXHH@Z)
     1>MenuState.obj : warning LNK4049: locally defined symbol ?setPosition@Transformable@sf@@QAEXMM@Z (public: void __thiscall sf::Transformable::setPosition(float,float)) imported
     1>ScoreState.obj : warning LNK4049: locally defined symbol ?setPosition@Transformable@sf@@QAEXMM@Z (public: void __thiscall sf::Transformable::setPosition(float,float)) imported
     1>GameState.obj : warning LNK4217: locally defined symbol ?setPosition@Transformable@sf@@QAEXABV?$Vector2@M@2@@Z (public: void __thiscall sf::Transformable::setPosition(class sf::Vector2<float> const &)) imported in function "private: void __thiscall edy::state::GameState::drawAll(void)" (?drawAll@GameState@state@edy@@AAEXXZ)
     1>GameState.obj : warning LNK4217: locally defined symbol ?setRotation@Transformable@sf@@QAEXM@Z (public: void __thiscall sf::Transformable::setRotation(float)) imported in function "private: void __thiscall edy::state::GameState::drawAll(void)" (?drawAll@GameState@state@edy@@AAEXXZ)
     1>GameState.obj : warning LNK4217: locally defined symbol ?setOrigin@Transformable@sf@@QAEXMM@Z (public: void __thiscall sf::Transformable::setOrigin(float,float)) imported in function "public: __thiscall edy::state::GameState::GameState(void)" (??0GameState@state@edy@@QAE@XZ)
     1>GameState.obj : warning LNK4217: locally defined symbol ?getPosition@Transformable@sf@@QBEABV?$Vector2@M@2@XZ (public: class sf::Vector2<float> const & __thiscall sf::Transformable::getPosition(void)const ) imported in function "private: void __thiscall edy::state::GameState::drawAll(void)" (?drawAll@GameState@state@edy@@AAEXXZ)
     1>GameState.obj : warning LNK4217: locally defined symbol ?move@Transformable@sf@@QAEXMM@Z (public: void __thiscall sf::Transformable::move(float,float)) imported in function "private: void __thiscall edy::state::GameState::drawAll(void)" (?drawAll@GameState@state@edy@@AAEXXZ)
     1>GameState.obj : warning LNK4217: locally defined symbol ??0Time@sf@@QAE@XZ (public: __thiscall sf::Time::Time(void)) imported in function "public: virtual void __thiscall edy::state::GameState::run(class edy::core::PointerPack &)" (?run@GameState@state@edy@@UAEXAAVPointerPack@core@3@@Z)
     1>GameState.obj : warning LNK4217: locally defined symbol ?seconds@sf@@YA?AVTime@1@M@Z (class sf::Time __cdecl sf::seconds(float)) imported in function "private: void __thiscall edy::state::GameState::drawGhosts(void)" (?drawGhosts@GameState@state@edy@@AAEXXZ)
     1>GameState.obj : warning LNK4217: locally defined symbol ??Osf@@YA_NVTime@0@0@Z (bool __cdecl sf::operator>(class sf::Time,class sf::Time)) imported in function "private: void __thiscall edy::state::GameState::drawGhosts(void)" (?drawGhosts@GameState@state@edy@@AAEXXZ)
     1>GameState.obj : warning LNK4217: locally defined symbol ??Psf@@YA_NVTime@0@0@Z (bool __cdecl sf::operator>=(class sf::Time,class sf::Time)) imported in function "public: virtual void __thiscall edy::state::GameState::run(class edy::core::PointerPack &)" (?run@GameState@state@edy@@UAEXAAVPointerPack@core@3@@Z)
     1>GameState.obj : warning LNK4217: locally defined symbol ??Ysf@@YAAAVTime@0@AAV10@V10@@Z (class sf::Time & __cdecl sf::operator+=(class sf::Time &,class sf::Time)) imported in function "public: virtual void __thiscall edy::state::GameState::run(class edy::core::PointerPack &)" (?run@GameState@state@edy@@UAEXAAVPointerPack@core@3@@Z)
     1>GameState.obj : warning LNK4217: locally defined symbol ??Zsf@@YAAAVTime@0@AAV10@V10@@Z (class sf::Time & __cdecl sf::operator-=(class sf::Time &,class sf::Time)) imported in function "public: virtual void __thiscall edy::state::GameState::run(class edy::core::PointerPack &)" (?run@GameState@state@edy@@UAEXAAVPointerPack@core@3@@Z)
     1>GameState.obj : warning LNK4217: locally defined symbol ??0Clock@sf@@QAE@XZ (public: __thiscall sf::Clock::Clock(void)) imported in function "public: __thiscall edy::state::GameState::GameState(void)" (??0GameState@state@edy@@QAE@XZ)
     1>GameState.obj : warning LNK4217: locally defined symbol ?getElapsedTime@Clock@sf@@QBE?AVTime@2@XZ (public: class sf::Time __thiscall sf::Clock::getElapsedTime(void)const ) imported in function "private: void __thiscall edy::state::GameState::drawGhosts(void)" (?drawGhosts@GameState@state@edy@@AAEXXZ)
     1>GameState.obj : warning LNK4217: locally defined symbol ?restart@Clock@sf@@QAE?AVTime@2@XZ (public: class sf::Time __thiscall sf::Clock::restart(void)) imported in function "private: void __thiscall edy::state::GameState::drawGhosts(void)" (?drawGhosts@GameState@state@edy@@AAEXXZ)
     1>GameState.obj : warning LNK4217: locally defined symbol ??0String@sf@@QAE@PBDABVlocale@std@@@Z (public: __thiscall sf::String::String(char const *,class std::locale const &)) imported in function "public: virtual void __thiscall edy::state::GameState::run(class edy::core::PointerPack &)" (?run@GameState@state@edy@@UAEXAAVPointerPack@core@3@@Z)
     1>MenuState.obj : warning LNK4049: locally defined symbol ??0String@sf@@QAE@PBDABVlocale@std@@@Z (public: __thiscall sf::String::String(char const *,class std::locale const &)) imported
     1>StateManager.obj : warning LNK4217: locally defined symbol ??0String@sf@@QAE@PBDABVlocale@std@@@Z (public: __thiscall sf::String::String(char const *,class std::locale const &)) imported in function "public: void __thiscall std::_Iterator_base12::_Adopt(struct std::_Container_base12 const *)" (?_Adopt@_Iterator_base12@std@@QAEXPBU_Container_base12@2@@Z)
     1>GameState.obj : warning LNK4217: locally defined symbol ??0String@sf@@QAE@ABV?$basic_string@DU?$char_traits@D@std@@V?$allocator@D@2@@std@@ABVlocale@3@@Z (public: __thiscall sf::String::String(class std::basic_string<char,struct std::char_traits<char>,class std::allocator<char> > const &,class std::locale const &)) imported in function "public: virtual void __thiscall edy::state::ErrState::run(class edy::core::PointerPack &)" (?run@ErrState@state@edy@@UAEXAAVPointerPack@core@3@@Z)
     1>ScoreState.obj : warning LNK4049: locally defined symbol ??0String@sf@@QAE@ABV?$basic_string@DU?$char_traits@D@std@@V?$allocator@D@2@@std@@ABVlocale@3@@Z (public: __thiscall sf::String::String(class std::basic_string<char,struct std::char_traits<char>,class std::allocator<char> > const &,class std::locale const &)) imported
     1>GameState.obj : warning LNK4217: locally defined symbol ??1String@sf@@QAE@XZ (public: __thiscall sf::String::~String(void)) imported in function "public: virtual void __thiscall edy::state::ErrState::run(class edy::core::PointerPack &)" (?run@ErrState@state@edy@@UAEXAAVPointerPack@core@3@@Z)
     1>MenuState.obj : warning LNK4049: locally defined symbol ??1String@sf@@QAE@XZ (public: __thiscall sf::String::~String(void)) imported
     1>ScoreState.obj : warning LNK4049: locally defined symbol ??1String@sf@@QAE@XZ (public: __thiscall sf::String::~String(void)) imported
     1>StateManager.obj : warning LNK4217: locally defined symbol ??1String@sf@@QAE@XZ (public: __thiscall sf::String::~String(void)) imported in function "public: void __thiscall std::_Iterator_base12::_Adopt(struct std::_Container_base12 const *)" (?_Adopt@_Iterator_base12@std@@QAEXPBU_Container_base12@2@@Z)
     1>GameState.obj : warning LNK4217: locally defined symbol ??0Text@sf@@QAE@XZ (public: __thiscall sf::Text::Text(void)) imported in function "public: __thiscall edy::state::GameState::GameState(void)" (??0GameState@state@edy@@QAE@XZ)
     1>mainPacman.obj : warning LNK4049: locally defined symbol ??0Text@sf@@QAE@XZ (public: __thiscall sf::Text::Text(void)) imported
     1>ScoreState.obj : warning LNK4049: locally defined symbol ??0Text@sf@@QAE@XZ (public: __thiscall sf::Text::Text(void)) imported
     1>GameState.obj : warning LNK4217: locally defined symbol ??0Text@sf@@QAE@ABVString@1@ABVFont@1@I@Z (public: __thiscall sf::Text::Text(class sf::String const &,class sf::Font const &,unsigned int)) imported in function "public: virtual void __thiscall edy::state::ErrState::run(class edy::core::PointerPack &)" (?run@ErrState@state@edy@@UAEXAAVPointerPack@core@3@@Z)
     1>GameState.obj : warning LNK4217: locally defined symbol ?setString@Text@sf@@QAEXABVString@2@@Z (public: void __thiscall sf::Text::setString(class sf::String const &)) imported in function "public: virtual void __thiscall edy::state::GameState::run(class edy::core::PointerPack &)" (?run@GameState@state@edy@@UAEXAAVPointerPack@core@3@@Z)
     1>MenuState.obj : warning LNK4049: locally defined symbol ?setString@Text@sf@@QAEXABVString@2@@Z (public: void __thiscall sf::Text::setString(class sf::String const &)) imported
     1>ScoreState.obj : warning LNK4049: locally defined symbol ?setString@Text@sf@@QAEXABVString@2@@Z (public: void __thiscall sf::Text::setString(class sf::String const &)) imported
     1>GameState.obj : warning LNK4217: locally defined symbol ?setFont@Text@sf@@QAEXABVFont@2@@Z (public: void __thiscall sf::Text::setFont(class sf::Font const &)) imported in function "public: virtual void __thiscall edy::state::GameState::run(class edy::core::PointerPack &)" (?run@GameState@state@edy@@UAEXAAVPointerPack@core@3@@Z)
     1>MenuState.obj : warning LNK4049: locally defined symbol ?setFont@Text@sf@@QAEXABVFont@2@@Z (public: void __thiscall sf::Text::setFont(class sf::Font const &)) imported
     1>ScoreState.obj : warning LNK4049: locally defined symbol ?setFont@Text@sf@@QAEXABVFont@2@@Z (public: void __thiscall sf::Text::setFont(class sf::Font const &)) imported
     1>GameState.obj : warning LNK4217: locally defined symbol ?setCharacterSize@Text@sf@@QAEXI@Z (public: void __thiscall sf::Text::setCharacterSize(unsigned int)) imported in function "public: virtual void __thiscall edy::state::GameState::run(class edy::core::PointerPack &)" (?run@GameState@state@edy@@UAEXAAVPointerPack@core@3@@Z)
     1>ScoreState.obj : warning LNK4049: locally defined symbol ?setCharacterSize@Text@sf@@QAEXI@Z (public: void __thiscall sf::Text::setCharacterSize(unsigned int)) imported
     1>GameState.obj : warning LNK4217: locally defined symbol ??1Text@sf@@UAE@XZ (public: virtual __thiscall sf::Text::~Text(void)) imported in function __unwindfunclet$??0GameState@state@edy@@QAE@XZ$1
     1>mainPacman.obj : warning LNK4049: locally defined symbol ??1Text@sf@@UAE@XZ (public: virtual __thiscall sf::Text::~Text(void)) imported
     1>ScoreState.obj : warning LNK4049: locally defined symbol ??1Text@sf@@UAE@XZ (public: virtual __thiscall sf::Text::~Text(void)) imported
     1>GameState.obj : warning LNK4217: locally defined symbol ?pollEvent@Window@sf@@QAE_NAAVEvent@2@@Z (public: bool __thiscall sf::Window::pollEvent(class sf::Event &)) imported in function "public: virtual void __thiscall edy::state::ErrState::run(class edy::core::PointerPack &)" (?run@ErrState@state@edy@@UAEXAAVPointerPack@core@3@@Z)
     1>MenuState.obj : warning LNK4049: locally defined symbol ?pollEvent@Window@sf@@QAE_NAAVEvent@2@@Z (public: bool __thiscall sf::Window::pollEvent(class sf::Event &)) imported
     1>ScoreState.obj : warning LNK4049: locally defined symbol ?pollEvent@Window@sf@@QAE_NAAVEvent@2@@Z (public: bool __thiscall sf::Window::pollEvent(class sf::Event &)) imported
     1>GameState.obj : warning LNK4217: locally defined symbol ?display@Window@sf@@QAEXXZ (public: void __thiscall sf::Window::display(void)) imported in function "public: virtual void __thiscall edy::state::ErrState::run(class edy::core::PointerPack &)" (?run@ErrState@state@edy@@UAEXAAVPointerPack@core@3@@Z)
     1>MenuState.obj : warning LNK4049: locally defined symbol ?display@Window@sf@@QAEXXZ (public: void __thiscall sf::Window::display(void)) imported
     1>ScoreState.obj : warning LNK4049: locally defined symbol ?display@Window@sf@@QAEXXZ (public: void __thiscall sf::Window::display(void)) imported
     1>GameState.obj : warning LNK4049: locally defined symbol ?White@Color@sf@@2V12@B (public: static class sf::Color const sf::Color::White) imported
     1>GameState.obj : warning LNK4049: locally defined symbol ?Red@Color@sf@@2V12@B (public: static class sf::Color const sf::Color::Red) imported
     1>GameState.obj : warning LNK4049: locally defined symbol ?Blue@Color@sf@@2V12@B (public: static class sf::Color const sf::Color::Blue) imported
     1>PacEngine.obj : warning LNK4049: locally defined symbol ?Blue@Color@sf@@2V12@B (public: static class sf::Color const sf::Color::Blue) imported
     1>GameState.obj : warning LNK4049: locally defined symbol ?Yellow@Color@sf@@2V12@B (public: static class sf::Color const sf::Color::Yellow) imported
     1>GameState.obj : warning LNK4049: locally defined symbol ?Magenta@Color@sf@@2V12@B (public: static class sf::Color const sf::Color::Magenta) imported
     1>GameState.obj : warning LNK4049: locally defined symbol ?Cyan@Color@sf@@2V12@B (public: static class sf::Color const sf::Color::Cyan) imported
     1>ScoreState.obj : warning LNK4217: locally defined symbol ??BString@sf@@QBE?AV?$basic_string@DU?$char_traits@D@std@@V?$allocator@D@2@@std@@XZ (public: __thiscall sf::String::operator class std::basic_string<char,struct std::char_traits<char>,class std::allocator<char> >(void)const ) imported in function "public: virtual __thiscall edy::state::ScoreState::~ScoreState(void)" (??1ScoreState@state@edy@@UAE@XZ)
     1>ScoreState.obj : warning LNK4217: locally defined symbol ?getString@Text@sf@@QBEABVString@2@XZ (public: class sf::String const & __thiscall sf::Text::getString(void)const ) imported in function "public: virtual __thiscall edy::state::ScoreState::~ScoreState(void)" (??1ScoreState@state@edy@@UAE@XZ)
     1>StateManager.obj : warning LNK4217: locally defined symbol ??0Font@sf@@QAE@XZ (public: __thiscall sf::Font::Font(void)) imported in function "public: __thiscall edy::core::StateManager::StateManager(void)" (??0StateManager@core@edy@@QAE@XZ)
     1>StateManager.obj : warning LNK4217: locally defined symbol ??1Font@sf@@QAE@XZ (public: __thiscall sf::Font::~Font(void)) imported in function __unwindfunclet$??0StateManager@core@edy@@QAE@XZ$0
     1>StateManager.obj : warning LNK4217: locally defined symbol ?loadFromFile@Font@sf@@QAE_NABV?$basic_string@DU?$char_traits@D@std@@V?$allocator@D@2@@std@@@Z (public: bool __thiscall sf::Font::loadFromFile(class std::basic_string<char,struct std::char_traits<char>,class std::allocator<char> > const &)) imported in function "public: __thiscall edy::core::StateManager::StateManager(void)" (??0StateManager@core@edy@@QAE@XZ)
     1>StateManager.obj : warning LNK4217: locally defined symbol ??0VideoMode@sf@@QAE@III@Z (public: __thiscall sf::VideoMode::VideoMode(unsigned int,unsigned int,unsigned int)) imported in function "public: __thiscall edy::core::StateManager::StateManager(void)" (??0StateManager@core@edy@@QAE@XZ)
     1>StateManager.obj : warning LNK4217: locally defined symbol ?create@Window@sf@@QAEXVVideoMode@2@ABVString@2@IABUContextSettings@2@@Z (public: void __thiscall sf::Window::create(class sf::VideoMode,class sf::String const &,unsigned int,struct sf::ContextSettings const &)) imported in function "public: __thiscall edy::core::StateManager::StateManager(void)" (??0StateManager@core@edy@@QAE@XZ)
     1>GameState.obj : error LNK2019: unresolved external symbol "__declspec(dllimport) public: __thiscall sf::Sprite::Sprite(void)" (__imp_??0Sprite@sf@@QAE@XZ) referenced in function "public: __thiscall edy::state::GameState::GameState(void)" (??0GameState@state@edy@@QAE@XZ)
     1>GameState.obj : error LNK2019: unresolved external symbol "__declspec(dllimport) public: __thiscall sf::Sprite::Sprite(class sf::Texture const &)" (__imp_??0Sprite@sf@@QAE@ABVTexture@1@@Z) referenced in function "private: void __thiscall edy::state::GameState::drawCherry(int,int)" (?drawCherry@GameState@state@edy@@AAEXHH@Z)
     1>GameState.obj : error LNK2019: unresolved external symbol "__declspec(dllimport) public: void __thiscall sf::Sprite::setTexture(class sf::Texture const &,bool)" (__imp_?setTexture@Sprite@sf@@QAEXABVTexture@2@_N@Z) referenced in function "public: __thiscall edy::state::GameState::GameState(void)" (??0GameState@state@edy@@QAE@XZ)
     1>GameState.obj : error LNK2019: unresolved external symbol "__declspec(dllimport) public: void __thiscall sf::Sprite::setTextureRect(class sf::Rect<int> const &)" (__imp_?setTextureRect@Sprite@sf@@QAEXABV?$Rect@H@2@@Z) referenced in function "public: __thiscall edy::state::GameState::GameState(void)" (??0GameState@state@edy@@QAE@XZ)
     1>GameState.obj : error LNK2019: unresolved external symbol "__declspec(dllimport) public: void __thiscall sf::Sprite::setColor(class sf::Color const &)" (__imp_?setColor@Sprite@sf@@QAEXABVColor@2@@Z) referenced in function "public: __thiscall edy::state::GameState::GameState(void)" (??0GameState@state@edy@@QAE@XZ)
     1>GameState.obj : error LNK2019: unresolved external symbol "__declspec(dllimport) public: virtual __thiscall sf::Sprite::~Sprite(void)" (__imp_??1Sprite@sf@@UAE@XZ) referenced in function "public: __thiscall edy::state::GameState::GameState(void)" (??0GameState@state@edy@@QAE@XZ)
     1>GameState.obj : error LNK2001: unresolved external symbol "__declspec(dllimport) public: static class sf::RenderStates const sf::RenderStates::Default" (__imp_?Default@RenderStates@sf@@2V12@B)
     1>MenuState.obj : error LNK2001: unresolved external symbol "__declspec(dllimport) public: static class sf::RenderStates const sf::RenderStates::Default" (__imp_?Default@RenderStates@sf@@2V12@B)
     1>PacEngine.obj : error LNK2001: unresolved external symbol "__declspec(dllimport) public: static class sf::RenderStates const sf::RenderStates::Default" (__imp_?Default@RenderStates@sf@@2V12@B)
     1>ScoreState.obj : error LNK2001: unresolved external symbol "__declspec(dllimport) public: static class sf::RenderStates const sf::RenderStates::Default" (__imp_?Default@RenderStates@sf@@2V12@B)
     1>ScoreState.obj : error LNK2019: unresolved external symbol "__declspec(dllimport) public: __thiscall sf::Text::Text(class sf::Text const &)" (__imp_??0Text@sf@@QAE@ABV01@@Z) referenced in function "public: void __thiscall std::allocator<class sf::Text>::construct<class sf::Text,class sf::Text>(class sf::Text *,class sf::Text &&)" (??$construct@VText@sf@@V12@@?$allocator@VText@sf@@@std@@QAEXPAVText@sf@@$$QAV23@@Z)
     1>ScoreState.obj : error LNK2019: unresolved external symbol "__declspec(dllimport) public: class sf::Text & __thiscall sf::Text::operator=(class sf::Text const &)" (__imp_??4Text@sf@@QAEAAV01@ABV01@@Z) referenced in function "class sf::Text * __cdecl std::_Copy_backward<class sf::Text *,class sf::Text *>(class sf::Text *,class sf::Text *,class sf::Text *,struct std::_Nonscalar_ptr_iterator_tag)" (??$_Copy_backward@PAVText@sf@@PAV12@@std@@YAPAVText@sf@@PAV12@00U_Nonscalar_ptr_iterator_tag@0@@Z)
     1>StateManager.obj : error LNK2019: unresolved external symbol "__declspec(dllimport) public: __thiscall sf::RenderWindow::RenderWindow(void)" (__imp_??0RenderWindow@sf@@QAE@XZ) referenced in function "public: __thiscall edy::core::StateManager::StateManager(void)" (??0StateManager@core@edy@@QAE@XZ)
     1>StateManager.obj : error LNK2019: unresolved external symbol "__declspec(dllimport) public: virtual __thiscall sf::RenderWindow::~RenderWindow(void)" (__imp_??1RenderWindow@sf@@UAE@XZ) referenced in function __unwindfunclet$??0StateManager@core@edy@@QAE@XZ$1
     1>sfml-graphics-s-d.lib(Font.cpp.obj) : error LNK2019: unresolved external symbol _glFlush@0 referenced in function "private: class sf::Glyph __thiscall sf::Font::loadGlyph(unsigned int,unsigned int,bool,float)const " (?loadGlyph@Font@sf@@ABE?AVGlyph@2@II_NM@Z)
     1>sfml-graphics-s-d.lib(Texture.cpp.obj) : error LNK2001: unresolved external symbol _glFlush@0
     1>sfml-graphics-s-d.lib(Shader.cpp.obj) : error LNK2001: unresolved external symbol _glFlush@0
     1>sfml-graphics-s-d.lib(Font.cpp.obj) : error LNK2019: unresolved external symbol _FT_Init_FreeType referenced in function "public: bool __thiscall sf::Font::loadFromFile(class std::basic_string<char,struct std::char_traits<char>,class std::allocator<char> > const &)" (?loadFromFile@Font@sf@@QAE_NABV?$basic_string@DU?$char_traits@D@std@@V?$allocator@D@2@@std@@@Z)
     1>sfml-graphics-s-d.lib(Font.cpp.obj) : error LNK2019: unresolved external symbol _FT_Done_FreeType referenced in function "private: void __thiscall sf::Font::cleanup(void)" (?cleanup@Font@sf@@AAEXXZ)
     1>sfml-graphics-s-d.lib(Font.cpp.obj) : error LNK2019: unresolved external symbol _FT_New_Face referenced in function "public: bool __thiscall sf::Font::loadFromFile(class std::basic_string<char,struct std::char_traits<char>,class std::allocator<char> > const &)" (?loadFromFile@Font@sf@@QAE_NABV?$basic_string@DU?$char_traits@D@std@@V?$allocator@D@2@@std@@@Z)
     1>sfml-graphics-s-d.lib(Font.cpp.obj) : error LNK2019: unresolved external symbol _FT_New_Memory_Face referenced in function "public: bool __thiscall sf::Font::loadFromMemory(void const *,unsigned int)" (?loadFromMemory@Font@sf@@QAE_NPBXI@Z)
     1>sfml-graphics-s-d.lib(Font.cpp.obj) : error LNK2019: unresolved external symbol _FT_Open_Face referenced in function "public: bool __thiscall sf::Font::loadFromStream(class sf::InputStream &)" (?loadFromStream@Font@sf@@QAE_NAAVInputStream@2@@Z)
     1>sfml-graphics-s-d.lib(Font.cpp.obj) : error LNK2019: unresolved external symbol _FT_Done_Face referenced in function "public: bool __thiscall sf::Font::loadFromFile(class std::basic_string<char,struct std::char_traits<char>,class std::allocator<char> > const &)" (?loadFromFile@Font@sf@@QAE_NABV?$basic_string@DU?$char_traits@D@std@@V?$allocator@D@2@@std@@@Z)
     1>sfml-graphics-s-d.lib(Font.cpp.obj) : error LNK2019: unresolved external symbol _FT_Set_Pixel_Sizes referenced in function "private: bool __thiscall sf::Font::setCurrentSize(unsigned int)const " (?setCurrentSize@Font@sf@@ABE_NI@Z)
     1>sfml-graphics-s-d.lib(Font.cpp.obj) : error LNK2019: unresolved external symbol _FT_Load_Char referenced in function "private: class sf::Glyph __thiscall sf::Font::loadGlyph(unsigned int,unsigned int,bool,float)const " (?loadGlyph@Font@sf@@ABE?AVGlyph@2@II_NM@Z)
     1>sfml-graphics-s-d.lib(Font.cpp.obj) : error LNK2019: unresolved external symbol _FT_Get_Kerning referenced in function "public: float __thiscall sf::Font::getKerning(unsigned int,unsigned int,unsigned int)const " (?getKerning@Font@sf@@QBEMIII@Z)
     1>sfml-graphics-s-d.lib(Font.cpp.obj) : error LNK2019: unresolved external symbol _FT_Select_Charmap referenced in function "public: bool __thiscall sf::Font::loadFromFile(class std::basic_string<char,struct std::char_traits<char>,class std::allocator<char> > const &)" (?loadFromFile@Font@sf@@QAE_NABV?$basic_string@DU?$char_traits@D@std@@V?$allocator@D@2@@std@@@Z)
     1>sfml-graphics-s-d.lib(Font.cpp.obj) : error LNK2019: unresolved external symbol _FT_Get_Char_Index referenced in function "public: float __thiscall sf::Font::getKerning(unsigned int,unsigned int,unsigned int)const " (?getKerning@Font@sf@@QBEMIII@Z)
     1>sfml-graphics-s-d.lib(Font.cpp.obj) : error LNK2019: unresolved external symbol _FT_MulFix referenced in function "public: float __thiscall sf::Font::getUnderlinePosition(unsigned int)const " (?getUnderlinePosition@Font@sf@@QBEMI@Z)
     1>sfml-graphics-s-d.lib(Font.cpp.obj) : error LNK2019: unresolved external symbol _FT_Get_Glyph referenced in function "private: class sf::Glyph __thiscall sf::Font::loadGlyph(unsigned int,unsigned int,bool,float)const " (?loadGlyph@Font@sf@@ABE?AVGlyph@2@II_NM@Z)
     1>sfml-graphics-s-d.lib(Font.cpp.obj) : error LNK2019: unresolved external symbol _FT_Glyph_To_Bitmap referenced in function "private: class sf::Glyph __thiscall sf::Font::loadGlyph(unsigned int,unsigned int,bool,float)const " (?loadGlyph@Font@sf@@ABE?AVGlyph@2@II_NM@Z)
     1>sfml-graphics-s-d.lib(Font.cpp.obj) : error LNK2019: unresolved external symbol _FT_Done_Glyph referenced in function "private: class sf::Glyph __thiscall sf::Font::loadGlyph(unsigned int,unsigned int,bool,float)const " (?loadGlyph@Font@sf@@ABE?AVGlyph@2@II_NM@Z)
     1>sfml-graphics-s-d.lib(Font.cpp.obj) : error LNK2019: unresolved external symbol _FT_Outline_Embolden referenced in function "private: class sf::Glyph __thiscall sf::Font::loadGlyph(unsigned int,unsigned int,bool,float)const " (?loadGlyph@Font@sf@@ABE?AVGlyph@2@II_NM@Z)
     1>sfml-graphics-s-d.lib(Font.cpp.obj) : error LNK2019: unresolved external symbol _FT_Bitmap_Embolden referenced in function "private: class sf::Glyph __thiscall sf::Font::loadGlyph(unsigned int,unsigned int,bool,float)const " (?loadGlyph@Font@sf@@ABE?AVGlyph@2@II_NM@Z)
     1>sfml-graphics-s-d.lib(Font.cpp.obj) : error LNK2019: unresolved external symbol _FT_Stroker_New referenced in function "public: bool __thiscall sf::Font::loadFromFile(class std::basic_string<char,struct std::char_traits<char>,class std::allocator<char> > const &)" (?loadFromFile@Font@sf@@QAE_NABV?$basic_string@DU?$char_traits@D@std@@V?$allocator@D@2@@std@@@Z)
     1>sfml-graphics-s-d.lib(Font.cpp.obj) : error LNK2019: unresolved external symbol _FT_Stroker_Set referenced in function "private: class sf::Glyph __thiscall sf::Font::loadGlyph(unsigned int,unsigned int,bool,float)const " (?loadGlyph@Font@sf@@ABE?AVGlyph@2@II_NM@Z)
     1>sfml-graphics-s-d.lib(Font.cpp.obj) : error LNK2019: unresolved external symbol _FT_Stroker_Done referenced in function "private: void __thiscall sf::Font::cleanup(void)" (?cleanup@Font@sf@@AAEXXZ)
     1>sfml-graphics-s-d.lib(Font.cpp.obj) : error LNK2019: unresolved external symbol _FT_Glyph_Stroke referenced in function "private: class sf::Glyph __thiscall sf::Font::loadGlyph(unsigned int,unsigned int,bool,float)const " (?loadGlyph@Font@sf@@ABE?AVGlyph@2@II_NM@Z)
     1>sfml-graphics-s-d.lib(RenderTarget.cpp.obj) : error LNK2019: unresolved external symbol _glBlendFunc@8 referenced in function "private: void __thiscall sf::RenderTarget::applyBlendMode(struct sf::BlendMode const &)" (?applyBlendMode@RenderTarget@sf@@AAEXABUBlendMode@2@@Z)
     1>sfml-graphics-s-d.lib(RenderTarget.cpp.obj) : error LNK2019: unresolved external symbol _glClear@4 referenced in function "public: void __thiscall sf::RenderTarget::clear(class sf::Color const &)" (?clear@RenderTarget@sf@@QAEXABVColor@2@@Z)
     1>sfml-graphics-s-d.lib(RenderTarget.cpp.obj) : error LNK2019: unresolved external symbol _glClearColor@16 referenced in function "public: void __thiscall sf::RenderTarget::clear(class sf::Color const &)" (?clear@RenderTarget@sf@@QAEXABVColor@2@@Z)
     1>sfml-graphics-s-d.lib(RenderTarget.cpp.obj) : error LNK2019: unresolved external symbol _glDisable@4 referenced in function "public: void __thiscall sf::RenderTarget::resetGLStates(void)" (?resetGLStates@RenderTarget@sf@@QAEXXZ)
     1>sfml-graphics-s-d.lib(RenderTarget.cpp.obj) : error LNK2019: unresolved external symbol _glEnable@4 referenced in function "public: void __thiscall sf::RenderTarget::resetGLStates(void)" (?resetGLStates@RenderTarget@sf@@QAEXXZ)
     1>sfml-graphics-s-d.lib(RenderTarget.cpp.obj) : error LNK2019: unresolved external symbol _glGetError@0 referenced in function "public: void __thiscall sf::RenderTarget::pushGLStates(void)" (?pushGLStates@RenderTarget@sf@@QAEXXZ)
     1>sfml-graphics-s-d.lib(GLCheck.cpp.obj) : error LNK2001: unresolved external symbol _glGetError@0
     1>sfml-graphics-s-d.lib(RenderTarget.cpp.obj) : error LNK2019: unresolved external symbol _glLoadMatrixf@4 referenced in function "private: void __thiscall sf::RenderTarget::applyCurrentView(void)" (?applyCurrentView@RenderTarget@sf@@AAEXXZ)
     1>sfml-graphics-s-d.lib(Texture.cpp.obj) : error LNK2001: unresolved external symbol _glLoadMatrixf@4
     1>sfml-graphics-s-d.lib(RenderTarget.cpp.obj) : error LNK2019: unresolved external symbol _glMatrixMode@4 referenced in function "public: void __thiscall sf::RenderTarget::pushGLStates(void)" (?pushGLStates@RenderTarget@sf@@QAEXXZ)
     1>sfml-graphics-s-d.lib(Texture.cpp.obj) : error LNK2001: unresolved external symbol _glMatrixMode@4
     1>sfml-graphics-s-d.lib(RenderTarget.cpp.obj) : error LNK2019: unresolved external symbol _glPopAttrib@0 referenced in function "public: void __thiscall sf::RenderTarget::popGLStates(void)" (?popGLStates@RenderTarget@sf@@QAEXXZ)
     1>sfml-graphics-s-d.lib(RenderTarget.cpp.obj) : error LNK2019: unresolved external symbol _glPopMatrix@0 referenced in function "public: void __thiscall sf::RenderTarget::popGLStates(void)" (?popGLStates@RenderTarget@sf@@QAEXXZ)
     1>sfml-graphics-s-d.lib(RenderTarget.cpp.obj) : error LNK2019: unresolved external symbol _glPushAttrib@4 referenced in function "public: void __thiscall sf::RenderTarget::pushGLStates(void)" (?pushGLStates@RenderTarget@sf@@QAEXXZ)
     1>sfml-graphics-s-d.lib(RenderTarget.cpp.obj) : error LNK2019: unresolved external symbol _glPushMatrix@0 referenced in function "public: void __thiscall sf::RenderTarget::pushGLStates(void)" (?pushGLStates@RenderTarget@sf@@QAEXXZ)
     1>sfml-graphics-s-d.lib(RenderTarget.cpp.obj) : error LNK2019: unresolved external symbol _glViewport@16 referenced in function "private: void __thiscall sf::RenderTarget::applyCurrentView(void)" (?applyCurrentView@RenderTarget@sf@@AAEXXZ)
     1>sfml-graphics-s-d.lib(RenderTarget.cpp.obj) : error LNK2019: unresolved external symbol _glColorPointer@16 referenced in function "public: void __thiscall sf::RenderTarget::draw(class sf::Vertex const *,unsigned int,enum sf::PrimitiveType,class sf::RenderStates const &)" (?draw@RenderTarget@sf@@QAEXPBVVertex@2@IW4PrimitiveType@2@ABVRenderStates@2@@Z)
     1>sfml-graphics-s-d.lib(RenderTarget.cpp.obj) : error LNK2019: unresolved external symbol _glDrawArrays@12 referenced in function "public: void __thiscall sf::RenderTarget::draw(class sf::Vertex const *,unsigned int,enum sf::PrimitiveType,class sf::RenderStates const &)" (?draw@RenderTarget@sf@@QAEXPBVVertex@2@IW4PrimitiveType@2@ABVRenderStates@2@@Z)
     1>sfml-graphics-s-d.lib(RenderTarget.cpp.obj) : error LNK2019: unresolved external symbol _glEnableClientState@4 referenced in function "public: void __thiscall sf::RenderTarget::resetGLStates(void)" (?resetGLStates@RenderTarget@sf@@QAEXXZ)
     1>sfml-graphics-s-d.lib(RenderTarget.cpp.obj) : error LNK2019: unresolved external symbol _glPopClientAttrib@0 referenced in function "public: void __thiscall sf::RenderTarget::popGLStates(void)" (?popGLStates@RenderTarget@sf@@QAEXXZ)
     1>sfml-graphics-s-d.lib(RenderTarget.cpp.obj) : error LNK2019: unresolved external symbol _glPushClientAttrib@4 referenced in function "public: void __thiscall sf::RenderTarget::pushGLStates(void)" (?pushGLStates@RenderTarget@sf@@QAEXXZ)
     1>sfml-graphics-s-d.lib(RenderTarget.cpp.obj) : error LNK2019: unresolved external symbol _glTexCoordPointer@16 referenced in function "public: void __thiscall sf::RenderTarget::draw(class sf::Vertex const *,unsigned int,enum sf::PrimitiveType,class sf::RenderStates const &)" (?draw@RenderTarget@sf@@QAEXPBVVertex@2@IW4PrimitiveType@2@ABVRenderStates@2@@Z)
     1>sfml-graphics-s-d.lib(RenderTarget.cpp.obj) : error LNK2019: unresolved external symbol _glVertexPointer@16 referenced in function "public: void __thiscall sf::RenderTarget::draw(class sf::Vertex const *,unsigned int,enum sf::PrimitiveType,class sf::RenderStates const &)" (?draw@RenderTarget@sf@@QAEXPBVVertex@2@IW4PrimitiveType@2@ABVRenderStates@2@@Z)
     1>sfml-graphics-s-d.lib(Texture.cpp.obj) : error LNK2019: unresolved external symbol _glGetIntegerv@8 referenced in function "unsigned int __cdecl `anonymous namespace'::checkMaximumTextureSize(void)" (?checkMaximumTextureSize@?A0xd51056bb@@YAIXZ)
     1>sfml-graphics-s-d.lib(Shader.cpp.obj) : error LNK2001: unresolved external symbol _glGetIntegerv@8
     1>sfml-graphics-s-d.lib(TextureSaver.cpp.obj) : error LNK2001: unresolved external symbol _glGetIntegerv@8
     1>sfml-graphics-s-d.lib(Texture.cpp.obj) : error LNK2019: unresolved external symbol _glGetTexImage@20 referenced in function "public: class sf::Image __thiscall sf::Texture::copyToImage(void)const " (?copyToImage@Texture@sf@@QBE?AVImage@2@XZ)
     1>sfml-graphics-s-d.lib(Texture.cpp.obj) : error LNK2019: unresolved external symbol _glLoadIdentity@0 referenced in function "public: static void __cdecl sf::Texture::bind(class sf::Texture const *,enum sf::Texture::CoordinateType)" (?bind@Texture@sf@@SAXPBV12@W4CoordinateType@12@@Z)
     1>sfml-graphics-s-d.lib(Texture.cpp.obj) : error LNK2019: unresolved external symbol _glTexImage2D@36 referenced in function "public: bool __thiscall sf::Texture::create(unsigned int,unsigned int)" (?create@Texture@sf@@QAE_NII@Z)
     1>sfml-graphics-s-d.lib(Texture.cpp.obj) : error LNK2019: unresolved external symbol _glTexParameteri@12 referenced in function "public: bool __thiscall sf::Texture::create(unsigned int,unsigned int)" (?create@Texture@sf@@QAE_NII@Z)
     1>sfml-graphics-s-d.lib(Texture.cpp.obj) : error LNK2019: unresolved external symbol _glBindTexture@8 referenced in function "public: bool __thiscall sf::Texture::create(unsigned int,unsigned int)" (?create@Texture@sf@@QAE_NII@Z)
     1>sfml-graphics-s-d.lib(TextureSaver.cpp.obj) : error LNK2001: unresolved external symbol _glBindTexture@8
     1>sfml-graphics-s-d.lib(Texture.cpp.obj) : error LNK2019: unresolved external symbol _glCopyTexSubImage2D@32 referenced in function "public: void __thiscall sf::Texture::update(class sf::Window const &,unsigned int,unsigned int)" (?update@Texture@sf@@QAEXABVWindow@2@II@Z)
     1>sfml-graphics-s-d.lib(Texture.cpp.obj) : error LNK2019: unresolved external symbol _glDeleteTextures@8 referenced in function "public: __thiscall sf::Texture::~Texture(void)" (??1Texture@sf@@QAE@XZ)
     1>sfml-graphics-s-d.lib(Texture.cpp.obj) : error LNK2019: unresolved external symbol _glGenTextures@8 referenced in function "public: bool __thiscall sf::Texture::create(unsigned int,unsigned int)" (?create@Texture@sf@@QAE_NII@Z)
     1>sfml-graphics-s-d.lib(Texture.cpp.obj) : error LNK2019: unresolved external symbol _glTexSubImage2D@36 referenced in function "public: bool __thiscall sf::Texture::loadFromImage(class sf::Image const &,class sf::Rect<int> const &)" (?loadFromImage@Texture@sf@@QAE_NABVImage@2@ABV?$Rect@H@2@@Z)
     1>sfml-graphics-s-d.lib(ImageLoader.cpp.obj) : error LNK2019: unresolved external symbol _jpeg_std_error referenced in function "private: bool __thiscall sf::priv::ImageLoader::writeJpg(class std::basic_string<char,struct std::char_traits<char>,class std::allocator<char> > const &,class std::vector<unsigned char,class std::allocator<unsigned char> > const &,unsigned int,unsigned int)" (?writeJpg@ImageLoader@priv@sf@@AAE_NABV?$basic_string@DU?$char_traits@D@std@@V?$allocator@D@2@@std@@ABV?$vector@EV?$allocator@E@std@@@5@II@Z)
     1>sfml-graphics-s-d.lib(ImageLoader.cpp.obj) : error LNK2019: unresolved external symbol _jpeg_CreateCompress referenced in function "private: bool __thiscall sf::priv::ImageLoader::writeJpg(class std::basic_string<char,struct std::char_traits<char>,class std::allocator<char> > const &,class std::vector<unsigned char,class std::allocator<unsigned char> > const &,unsigned int,unsigned int)" (?writeJpg@ImageLoader@priv@sf@@AAE_NABV?$basic_string@DU?$char_traits@D@std@@V?$allocator@D@2@@std@@ABV?$vector@EV?$allocator@E@std@@@5@II@Z)
     1>sfml-graphics-s-d.lib(ImageLoader.cpp.obj) : error LNK2019: unresolved external symbol _jpeg_destroy_compress referenced in function "private: bool __thiscall sf::priv::ImageLoader::writeJpg(class std::basic_string<char,struct std::char_traits<char>,class std::allocator<char> > const &,class std::vector<unsigned char,class std::allocator<unsigned char> > const &,unsigned int,unsigned int)" (?writeJpg@ImageLoader@priv@sf@@AAE_NABV?$basic_string@DU?$char_traits@D@std@@V?$allocator@D@2@@std@@ABV?$vector@EV?$allocator@E@std@@@5@II@Z)
     1>sfml-graphics-s-d.lib(ImageLoader.cpp.obj) : error LNK2019: unresolved external symbol _jpeg_stdio_dest referenced in function "private: bool __thiscall sf::priv::ImageLoader::writeJpg(class std::basic_string<char,struct std::char_traits<char>,class std::allocator<char> > const &,class std::vector<unsigned char,class std::allocator<unsigned char> > const &,unsigned int,unsigned int)" (?writeJpg@ImageLoader@priv@sf@@AAE_NABV?$basic_string@DU?$char_traits@D@std@@V?$allocator@D@2@@std@@ABV?$vector@EV?$allocator@E@std@@@5@II@Z)
     1>sfml-graphics-s-d.lib(ImageLoader.cpp.obj) : error LNK2019: unresolved external symbol _jpeg_set_defaults referenced in function "private: bool __thiscall sf::priv::ImageLoader::writeJpg(class std::basic_string<char,struct std::char_traits<char>,class std::allocator<char> > const &,class std::vector<unsigned char,class std::allocator<unsigned char> > const &,unsigned int,unsigned int)" (?writeJpg@ImageLoader@priv@sf@@AAE_NABV?$basic_string@DU?$char_traits@D@std@@V?$allocator@D@2@@std@@ABV?$vector@EV?$allocator@E@std@@@5@II@Z)
     1>sfml-graphics-s-d.lib(ImageLoader.cpp.obj) : error LNK2019: unresolved external symbol _jpeg_set_quality referenced in function "private: bool __thiscall sf::priv::ImageLoader::writeJpg(class std::basic_string<char,struct std::char_traits<char>,class std::allocator<char> > const &,class std::vector<unsigned char,class std::allocator<unsigned char> > const &,unsigned int,unsigned int)" (?writeJpg@ImageLoader@priv@sf@@AAE_NABV?$basic_string@DU?$char_traits@D@std@@V?$allocator@D@2@@std@@ABV?$vector@EV?$allocator@E@std@@@5@II@Z)
     1>sfml-graphics-s-d.lib(ImageLoader.cpp.obj) : error LNK2019: unresolved external symbol _jpeg_start_compress referenced in function "private: bool __thiscall sf::priv::ImageLoader::writeJpg(class std::basic_string<char,struct std::char_traits<char>,class std::allocator<char> > const &,class std::vector<unsigned char,class std::allocator<unsigned char> > const &,unsigned int,unsigned int)" (?writeJpg@ImageLoader@priv@sf@@AAE_NABV?$basic_string@DU?$char_traits@D@std@@V?$allocator@D@2@@std@@ABV?$vector@EV?$allocator@E@std@@@5@II@Z)
     1>sfml-graphics-s-d.lib(ImageLoader.cpp.obj) : error LNK2019: unresolved external symbol _jpeg_write_scanlines referenced in function "private: bool __thiscall sf::priv::ImageLoader::writeJpg(class std::basic_string<char,struct std::char_traits<char>,class std::allocator<char> > const &,class std::vector<unsigned char,class std::allocator<unsigned char> > const &,unsigned int,unsigned int)" (?writeJpg@ImageLoader@priv@sf@@AAE_NABV?$basic_string@DU?$char_traits@D@std@@V?$allocator@D@2@@std@@ABV?$vector@EV?$allocator@E@std@@@5@II@Z)
     1>sfml-graphics-s-d.lib(ImageLoader.cpp.obj) : error LNK2019: unresolved external symbol _jpeg_finish_compress referenced in function "private: bool __thiscall sf::priv::ImageLoader::writeJpg(class std::basic_string<char,struct std::char_traits<char>,class std::allocator<char> > const &,class std::vector<unsigned char,class std::allocator<unsigned char> > const &,unsigned int,unsigned int)" (?writeJpg@ImageLoader@priv@sf@@AAE_NABV?$basic_string@DU?$char_traits@D@std@@V?$allocator@D@2@@std@@ABV?$vector@EV?$allocator@E@std@@@5@II@Z)
     1>sfml-window-s-d.lib(Context.cpp.obj) : error LNK2019: unresolved external symbol __imp__glGetIntegerv@8 referenced in function "public: static bool __cdecl sf::Context::isExtensionAvailable(char const *)" (?isExtensionAvailable@Context@sf@@SA_NPBD@Z)
     1>sfml-window-s-d.lib(GlContext.cpp.obj) : error LNK2001: unresolved external symbol __imp__glGetIntegerv@8
     1>sfml-window-s-d.lib(Context.cpp.obj) : error LNK2019: unresolved external symbol __imp__glGetString@4 referenced in function "public: static bool __cdecl sf::Context::isExtensionAvailable(char const *)" (?isExtensionAvailable@Context@sf@@SA_NPBD@Z)
     1>sfml-window-s-d.lib(GlContext.cpp.obj) : error LNK2001: unresolved external symbol __imp__glGetString@4
     1>sfml-window-s-d.lib(GlContext.cpp.obj) : error LNK2019: unresolved external symbol __imp__glEnable@4 referenced in function "private: void __thiscall sf::priv::GlContext::initialize(struct sf::ContextSettings const &)" (?initialize@GlContext@priv@sf@@AAEXABUContextSettings@3@@Z)
     1>sfml-window-s-d.lib(GlContext.cpp.obj) : error LNK2019: unresolved external symbol __imp__glGetError@0 referenced in function "private: void __thiscall sf::priv::GlContext::initialize(struct sf::ContextSettings const &)" (?initialize@GlContext@priv@sf@@AAEXABUContextSettings@3@@Z)
     1>sfml-window-s-d.lib(GlContext.cpp.obj) : error LNK2019: unresolved external symbol __imp__glIsEnabled@4 referenced in function "private: void __thiscall sf::priv::GlContext::initialize(struct sf::ContextSettings const &)" (?initialize@GlContext@priv@sf@@AAEXABUContextSettings@3@@Z)
     1>sfml-window-s-d.lib(WglContext.cpp.obj) : error LNK2019: unresolved external symbol __imp__wglCreateContext@4 referenced in function "private: void __thiscall sf::priv::WglContext::createContext(class sf::priv::WglContext *)" (?createContext@WglContext@priv@sf@@AAEXPAV123@@Z)
     1>sfml-window-s-d.lib(WglContext.cpp.obj) : error LNK2019: unresolved external symbol __imp__wglDeleteContext@4 referenced in function "public: virtual __thiscall sf::priv::WglContext::~WglContext(void)" (??1WglContext@priv@sf@@UAE@XZ)
     1>sfml-window-s-d.lib(WglContext.cpp.obj) : error LNK2019: unresolved external symbol __imp__wglGetCurrentContext@0 referenced in function "public: virtual __thiscall sf::priv::WglContext::~WglContext(void)" (??1WglContext@priv@sf@@UAE@XZ)
     1>sfml-window-s-d.lib(WglContext.cpp.obj) : error LNK2019: unresolved external symbol __imp__wglGetProcAddress@4 referenced in function "public: static void (__cdecl*__cdecl sf::priv::WglContext::getFunction(char const *))(void)" (?getFunction@WglContext@priv@sf@@SAP6AXXZPBD@Z)
     1>sfml-window-s-d.lib(WglContext.cpp.obj) : error LNK2019: unresolved external symbol __imp__wglMakeCurrent@8 referenced in function "public: virtual __thiscall sf::priv::WglContext::~WglContext(void)" (??1WglContext@priv@sf@@UAE@XZ)
     1>sfml-window-s-d.lib(WglContext.cpp.obj) : error LNK2019: unresolved external symbol __imp__wglShareLists@8 referenced in function "private: void __thiscall sf::priv::WglContext::createContext(class sf::priv::WglContext *)" (?createContext@WglContext@priv@sf@@AAEXPAV123@@Z)
     1>sfml-window-s-d.lib(JoystickImpl.cpp.obj) : error LNK2019: unresolved external symbol __imp__joyGetPosEx@8 referenced in function "public: static void __cdecl sf::priv::JoystickImpl::initialize(void)" (?initialize@JoystickImpl@priv@sf@@SAXXZ)
     1>sfml-window-s-d.lib(JoystickImpl.cpp.obj) : error LNK2019: unresolved external symbol __imp__joyGetDevCapsW@12 referenced in function "public: bool __thiscall sf::priv::JoystickImpl::open(unsigned int)" (?open@JoystickImpl@priv@sf@@QAE_NI@Z)
     1>sfml-system-s-d.lib(SleepImpl.cpp.obj) : error LNK2019: unresolved external symbol __imp__timeGetDevCaps@8 referenced in function "void __cdecl sf::priv::sleepImpl(class sf::Time)" (?sleepImpl@priv@sf@@YAXVTime@2@@Z)
     1>sfml-system-s-d.lib(SleepImpl.cpp.obj) : error LNK2019: unresolved external symbol __imp__timeBeginPeriod@4 referenced in function "void __cdecl sf::priv::sleepImpl(class sf::Time)" (?sleepImpl@priv@sf@@YAXVTime@2@@Z)
     1>sfml-system-s-d.lib(SleepImpl.cpp.obj) : error LNK2019: unresolved external symbol __imp__timeEndPeriod@4 referenced in function "void __cdecl sf::priv::sleepImpl(class sf::Time)" (?sleepImpl@priv@sf@@YAXVTime@2@@Z)
     1>C:\Users\NGUYEN MANH DUNG\Desktop\PM2012\Ver1\Version1\Debug\Version1.exe : fatal error LNK1120: 88 unresolved externals
     1>Done Building Project "C:\Users\NGUYEN MANH DUNG\Desktop\PM2012\Ver1\Version1\Version1\Version1.vcxproj" (Build target(s)) -- FAILED.

Build FAILED.

Time Elapsed 00:00:00.26
